---------- generateFaces ----------
Average  : 7.717 ms +9.423%
Median   : 1.163 ms +27.80%
Worst    : 975.2 ms +10.75%
Worst 5% : 10.88 ms -1.004%
Best     : 0.0007120 ms -89.74%
Best  5% : 0.05405 ms -6.081%
---------- threadCreationTime() ----------
Average  : 0.04639 ms -97.20%
Median   : 0.0002260 ms -98.59%
Worst    : 23.85 ms -0.07390%
Worst 5% : 0.0004110 ms -100.0%
Best     : 0.0002000 ms -1.961%
Best  5% : 0.0002100 ms +0.000%
---------- createFaces() ----------
Average  : 0.06531 s -97.19%
Median   : 0.0006284 s -99.97%
Worst    : 4.807 s +3.725%
Worst 5% : 0.001019 s -99.28%
Best     : 0.0005507 s -91.42%
Best  5% : 0.0005745 s +622.5%
---------- generate() ----------
Average  : 1.995 ms -0.06684%
Median   : 1.979 ms +0.02366%
Worst    : 3.911 ms +39.89%
Worst 5% : 2.149 ms -0.01373%
Best     : 1.795 ms -4.402%
Best  5% : 1.895 ms -0.6370%
